
   ________                                 __
  /        |                               /  |
  ########/ ______    ______    __     __  ##/    _______
     ## |  /      \  /      \  /  \   /  | /  |  /       |
     ## | /######  | ######  | ##  \ /##/  ## | /#######/
     ## | ## |  ##/  /    ## |  ##  /##/   ## | ##      \
     ## | ## |      /####### |   ## ##/    ## |  ######  |
     ## | ## |      ##    ## |    ###/     ## | /     ##/
     ##/  ##/        #######/      #/      ##/  #######/

     TRajectory Analyzer and VISualizer
     (c) Martin Brehm, Kirchner Group, University of Leipzig, 2009-2012.
     Open-source freeware; Licensed under the GNU General Public License v3.
     http://www.uni-leipzig.de/~travis

     Please cite:
     M. Brehm and B. Kirchner, J. Chem. Inf. Model. 2011, 51 (8), pp 2007-2023.

     There is absolutely no warranty on any results obtained from TRAVIS.

  #  Source code changed at July 26 2012.
  #  Compiled at Oct 29 2012 15:32:06.
  #  Compiler version: 4.7.2
  #  Target platform: Linux
  #  Compile flags: DEBUG_ARRAYS 
  #  Machine: int=4b, long=8b, addr=8b, 0xA0B0C0D0=D0,C0,B0,A0.
  #  Running on jiri-notebook at Tue Feb  4 21:20:44 2014.
  #  Running in /home/jiri/Projects/Rails/ratebeer
  #  User home: /home/jiri
  #  Exe path: /usr/bin/travis
  #  Input from terminal, Output to terminal

 >>> Please use a color scheme with dark background or specify "-nocolor"! <<<

Unknown parameter: "setup".
     Overview over the command line options:

     -p <file>      Loads position data from the specified trajectory file.
                    The file format may be XYZ or PDB.
     -i <file>      Reads input from the specified text file.
     -verbose       Show detailed information about what's going on.
     -nocolor       Executes TRAVIS in monochrome mode.
     -dimcolor      Uses dim instead of bright colors.
     -help, -?      Shows this help.

If only one parameter is specified, it is assumed to be the name of a trajectory file.
If no parameter is specified, TRAVIS asks for the trajectory file to open.

  >>> Credits <<<

    > Martin Brehm (*)    Main Developer
    > Barbara Kirchner    Group Leader

    > Marc Bruessel       Testing and Debugging
    > Philipp di Dio (*)  Atom Parameters and Math Support
    > Dorothea Golze      Testing and Debugging
    > Daniela Kerle       Name Finding
    > Miriam Kohagen      Testing and Debugging
    > Fred Malberg        Leading Bug Finder :-)
    > Matthias Schoeppke  Testing and new Ideas
    > Jens Thar (*)       Fruitful Discussion and Scientific Input
    > Henry Weber (*)     Testing, Debugging and creative Ideas

    (*) Office 42 - "answer to all questions".

    Code from other persons used in TRAVIS:
      - lmfit     from Joachim Wuttke
      - kiss_fft  from Mark Borgerding
      - voro++    from Chris Rycroft

    Please cite:
    M. Brehm and B. Kirchner, J. Chem. Inf. Model. 2011, 51 (8), pp 2007-2023.

*** The End ***

